\BOOKMARK [-1][-]{part.1}{\376\377\000I\000\040\000I\000E\000E\000E\000\040\0007\0005\0002\000\040\000Z\000-\000F\000i\000e\000l\000d\000\040\000T\000h\000e\000o\000r\000y\000\040\000a\000n\000d\000\040\000S\000p\000e\000c\000i\000f\000i\000c\000a\000t\000i\000o\000n\000\040\000G\000u\000i\000d\000e\000l\000i\000n\000e\000s}{}% 1
\BOOKMARK [0][-]{chapter.1}{\376\377\000I\000E\000E\000E\000\040\0007\0005\0002\000\040\000Z\000-\000F\000i\000e\000l\000d\000\040\000T\000h\000e\000o\000r\000y}{part.1}% 2
\BOOKMARK [1][-]{section.1.1}{\376\377\000S\000c\000o\000p\000e\000\040\000a\000n\000d\000\040\000D\000e\000f\000i\000n\000i\000t\000i\000o\000n\000s}{chapter.1}% 3
\BOOKMARK [2][-]{subsection.1.1.1}{\376\377\000Z\000-\000F\000i\000e\000l\000d\000\040\000\050\000Z\000e\000d\000\051}{section.1.1}% 4
\BOOKMARK [2][-]{subsection.1.1.2}{\376\377\000I\000n\000t\000e\000g\000e\000r\000\040\000\050\000Z\000-\000F\000i\000e\000l\000d\000\051\000\040\000R\000u\000l\000e\000s}{section.1.1}% 5
\BOOKMARK [2][-]{subsection.1.1.3}{\376\377\000F\000l\000o\000a\000t\000i\000n\000g\000-\000P\000o\000i\000n\000t\000\040\000\050\000W\000h\000e\000n\000\040\000U\000s\000e\000d\000\051}{section.1.1}% 6
\BOOKMARK [1][-]{section.1.2}{\376\377\000L\000a\000n\000g\000u\000a\000g\000e\000\040\000M\000a\000p\000p\000i\000n\000g}{chapter.1}% 7
\BOOKMARK [0][-]{chapter.2}{\376\377\000I\000E\000E\000E\000\040\0007\0005\0002\000\040\000I\000m\000p\000l\000e\000m\000e\000n\000t\000a\000t\000i\000o\000n\000\040\000a\000n\000d\000\040\000S\000p\000e\000c\000i\000f\000i\000c\000a\000t\000i\000o\000n\000\040\000G\000u\000i\000d\000e\000l\000i\000n\000e\000s}{part.1}% 8
\BOOKMARK [1][-]{section.2.1}{\376\377\000S\000p\000e\000c\000i\000f\000i\000c\000a\000t\000i\000o\000n\000\040\000G\000u\000i\000d\000e\000l\000i\000n\000e\000s}{chapter.2}% 9
\BOOKMARK [2][-]{subsection.2.1.1}{\376\377\000S\000c\000h\000e\000m\000a\000\040\000C\000o\000m\000p\000l\000i\000a\000n\000c\000e}{section.2.1}% 10
\BOOKMARK [2][-]{subsection.2.1.2}{\376\377\000I\000m\000p\000l\000e\000m\000e\000n\000t\000a\000t\000i\000o\000n\000\040\000C\000h\000e\000c\000k\000l\000i\000s\000t}{section.2.1}% 11
\BOOKMARK [1][-]{section.2.2}{\376\377\000R\000e\000f\000e\000r\000e\000n\000c\000e\000s}{chapter.2}% 12
\BOOKMARK [-1][-]{part.2}{\376\377\000I\000I\000\040\000P\000M\000B\000O\000K\000\040\000a\000n\000d\000\040\000B\000l\000o\000o\000m\000i\000n\000g\000\040\000D\000i\000r\000e\000c\000t\000e\000d\000\040\000G\000r\000a\000p\000h\000\040\000T\000r\000i\000e\000s}{}% 13
\BOOKMARK [0][-]{chapter.3}{\376\377\000U\000s\000i\000n\000g\000\040\000P\000M\000B\000O\000K\000\040\000w\000i\000t\000h\000\040\000I\000E\000E\000E\000\040\0007\0005\0002\000\040\000a\000n\000d\000\040\000B\000l\000o\000o\000m\000i\000n\000g\000\040\000D\000i\000r\000e\000c\000t\000e\000d\000\040\000G\000r\000a\000p\000h\000\040\000S\000y\000s\000t\000e\000m\000s}{part.2}% 14
\BOOKMARK [1][-]{section.3.1}{\376\377\000P\000M\000B\000O\000K\000\040\000K\000n\000o\000w\000l\000e\000d\000g\000e\000\040\000A\000r\000e\000a\000s\000\040\000a\000n\000d\000\040\000t\000h\000e\000\040\000Z\000-\000F\000i\000e\000l\000d\000\040\000B\000u\000i\000l\000d}{chapter.3}% 15
\BOOKMARK [2][-]{subsection.3.1.1}{\376\377\000I\000n\000t\000e\000g\000r\000a\000t\000i\000o\000n\000\040\000M\000a\000n\000a\000g\000e\000m\000e\000n\000t}{section.3.1}% 16
\BOOKMARK [2][-]{subsection.3.1.2}{\376\377\000S\000c\000o\000p\000e\000\040\000a\000n\000d\000\040\000W\000B\000S}{section.3.1}% 17
\BOOKMARK [2][-]{subsection.3.1.3}{\376\377\000Q\000u\000a\000l\000i\000t\000y\000\040\000a\000n\000d\000\040\000C\000o\000m\000p\000l\000i\000a\000n\000c\000e}{section.3.1}% 18
\BOOKMARK [2][-]{subsection.3.1.4}{\376\377\000R\000i\000s\000k\000\040\000a\000n\000d\000\040\000S\000t\000a\000k\000e\000h\000o\000l\000d\000e\000r\000s}{section.3.1}% 19
\BOOKMARK [0][-]{chapter.4}{\376\377\000B\000l\000o\000o\000m\000i\000n\000g\000\040\000D\000i\000r\000e\000c\000t\000e\000d\000\040\000G\000r\000a\000p\000h\000\040\000T\000r\000i\000e\000s}{part.2}% 20
\BOOKMARK [1][-]{section.4.1}{\376\377\000B\000l\000o\000o\000m\000i\000n\000g\000\040\000D\000i\000r\000e\000c\000t\000e\000d\000\040\000G\000r\000a\000p\000h}{chapter.4}% 21
\BOOKMARK [2][-]{subsection.4.1.1}{\376\377\000G\000r\000a\000p\000h\000\040\000S\000t\000r\000u\000c\000t\000u\000r\000e\000\040\000a\000n\000d\000\040\000Z\000-\000F\000i\000e\000l\000d}{section.4.1}% 22
\BOOKMARK [1][-]{section.4.2}{\376\377\000T\000r\000i\000e\000s\000\040\000o\000v\000e\000r\000\040\000B\000l\000o\000o\000m\000i\000n\000g\000\040\000D\000i\000r\000e\000c\000t\000e\000d\000\040\000G\000r\000a\000p\000h\000s}{chapter.4}% 23
\BOOKMARK [1][-]{section.4.3}{\376\377\000C\000r\000o\000s\000s\000-\000R\000e\000p\000o\000s\000i\000t\000o\000r\000y\000\040\000a\000n\000d\000\040\000C\000r\000o\000s\000s\000-\000L\000a\000n\000g\000u\000a\000g\000e\000\040\000C\000o\000n\000s\000i\000s\000t\000e\000n\000c\000y}{chapter.4}% 24
\BOOKMARK [0][-]{chapter.5}{\376\377\000A\000n\000c\000h\000o\000r\000\040\000R\000o\000o\000t\000\040\000T\000r\000i\000e\000s\000\040\000o\000f\000\040\000B\000l\000o\000o\000m\000i\000n\000g\000\040\000D\000i\000r\000e\000c\000t\000e\000d\000\040\000G\000r\000a\000p\000h\000s\000\040\000w\000i\000t\000h\000\040\000F\000i\000l\000t\000e\000r\000\040\000A\000g\000e\000n\000t\000s\000\040\000a\000n\000d\000\040\000T\000r\000i\000g\000g\000e\000r\000\040\000P\000r\000o\000c\000e\000s\000s\000e\000s}{part.2}% 25
\BOOKMARK [1][-]{section.5.1}{\376\377\000R\000o\000o\000t\000\040\000A\000n\000c\000h\000o\000r\000\040\000O\000b\000j\000e\000c\000t}{chapter.5}% 26
\BOOKMARK [1][-]{section.5.2}{\376\377\000F\000i\000l\000t\000e\000r\000\040\000A\000g\000e\000n\000t\000s\000\040\000\050\000C\000o\000l\000l\000e\000c\000t\000i\000o\000n\000s\000\051}{chapter.5}% 27
\BOOKMARK [1][-]{section.5.3}{\376\377\000T\000r\000i\000g\000g\000e\000r\000\040\000P\000r\000o\000c\000e\000s\000s\000\040\000A\000g\000e\000n\000t}{chapter.5}% 28
\BOOKMARK [1][-]{section.5.4}{\376\377\000B\000u\000i\000l\000d\000\040\000a\000n\000d\000\040\000P\000M\000B\000O\000K}{chapter.5}% 29
